  [1m[35m (77.8ms)[0m  [1m[35mCREATE TABLE "schema_migrations" ("version" character varying NOT NULL PRIMARY KEY)[0m
  [1m[35m (71.0ms)[0m  [1m[35mCREATE TABLE "ar_internal_metadata" ("key" character varying NOT NULL PRIMARY KEY, "value" character varying, "created_at" timestamp NOT NULL, "updated_at" timestamp NOT NULL)[0m
  [1m[35m (1.8ms)[0m  [1m[34mSELECT pg_try_advisory_lock(3847466043349774440)[0m
  [1m[35m (1.0ms)[0m  [1m[34mSELECT "schema_migrations"."version" FROM "schema_migrations" ORDER BY "schema_migrations"."version" ASC[0m
Migrating to CreateStories (20180205052446)
  [1m[35m (0.3ms)[0m  [1m[35mBEGIN[0m
  [1m[35m (58.1ms)[0m  [1m[35mCREATE TABLE "stories" ("id" bigserial primary key, "title" character varying, "banana" integer, "image_url" text, "created_at" timestamp NOT NULL, "updated_at" timestamp NOT NULL)[0m
  [1m[35mSQL (0.8ms)[0m  [1m[32mINSERT INTO "schema_migrations" ("version") VALUES ($1) RETURNING "version"[0m  [["version", "20180205052446"]]
  [1m[35m (13.3ms)[0m  [1m[35mCOMMIT[0m
Migrating to CreateUsers (20180205054751)
  [1m[35m (0.2ms)[0m  [1m[35mBEGIN[0m
  [1m[35m (54.8ms)[0m  [1m[35mCREATE TABLE "users" ("id" bigserial primary key, "username" character varying, "email" character varying, "password_digest" text, "banana" integer, "created_at" timestamp NOT NULL, "updated_at" timestamp NOT NULL)[0m
  [1m[35mSQL (0.5ms)[0m  [1m[32mINSERT INTO "schema_migrations" ("version") VALUES ($1) RETURNING "version"[0m  [["version", "20180205054751"]]
  [1m[35m (13.4ms)[0m  [1m[35mCOMMIT[0m
Migrating to CreateStoryEntries (20180205055536)
  [1m[35m (0.4ms)[0m  [1m[35mBEGIN[0m
  [1m[35m (63.0ms)[0m  [1m[35mCREATE TABLE "story_entries" ("id" bigserial primary key, "story_id" bigint, "user_id" bigint, "body" character varying, "created_at" timestamp NOT NULL, "updated_at" timestamp NOT NULL, CONSTRAINT "fk_rails_489f1c0000"
FOREIGN KEY ("story_id")
  REFERENCES "stories" ("id")
, CONSTRAINT "fk_rails_29617d5d16"
FOREIGN KEY ("user_id")
  REFERENCES "users" ("id")
)[0m
  [1m[35m (28.7ms)[0m  [1m[35mCREATE  INDEX  "index_story_entries_on_story_id" ON "story_entries"  ("story_id")[0m
  [1m[35m (26.9ms)[0m  [1m[35mCREATE  INDEX  "index_story_entries_on_user_id" ON "story_entries"  ("user_id")[0m
  [1m[35mSQL (0.3ms)[0m  [1m[32mINSERT INTO "schema_migrations" ("version") VALUES ($1) RETURNING "version"[0m  [["version", "20180205055536"]]
  [1m[35m (13.3ms)[0m  [1m[35mCOMMIT[0m
Migrating to CreateBananaTransactions (20180205061710)
  [1m[35m (0.2ms)[0m  [1m[35mBEGIN[0m
  [1m[35m (29.0ms)[0m  [1m[35mCREATE TABLE "banana_transactions" ("id" bigserial primary key, "source_user_id" integer, "target_user_id" integer, "story_entry_id" integer, "created_at" timestamp NOT NULL, "updated_at" timestamp NOT NULL)[0m
  [1m[35mSQL (1.2ms)[0m  [1m[32mINSERT INTO "schema_migrations" ("version") VALUES ($1) RETURNING "version"[0m  [["version", "20180205061710"]]
  [1m[35m (14.5ms)[0m  [1m[35mCOMMIT[0m
  [1m[36mActiveRecord::InternalMetadata Load (0.5ms)[0m  [1m[34mSELECT  "ar_internal_metadata".* FROM "ar_internal_metadata" WHERE "ar_internal_metadata"."key" = $1 LIMIT $2[0m  [["key", "environment"], ["LIMIT", 1]]
  [1m[35m (0.2ms)[0m  [1m[35mBEGIN[0m
  [1m[35mSQL (0.6ms)[0m  [1m[32mINSERT INTO "ar_internal_metadata" ("key", "value", "created_at", "updated_at") VALUES ($1, $2, $3, $4) RETURNING "key"[0m  [["key", "environment"], ["value", "development"], ["created_at", "2018-02-05 06:19:40.943539"], ["updated_at", "2018-02-05 06:19:40.943539"]]
  [1m[35m (13.4ms)[0m  [1m[35mCOMMIT[0m
  [1m[35m (0.4ms)[0m  [1m[34mSELECT pg_advisory_unlock(3847466043349774440)[0m
  [1m[35m (0.4ms)[0m  [1m[34mSELECT "schema_migrations"."version" FROM "schema_migrations" ORDER BY "schema_migrations"."version" ASC[0m
